[2020-05-02 10:26:23] DEBUG 134 statementLog - {conn-10001, pstmt-20000} created. SELECT  id,username,password,gender,address,institute,mail,qq,wechat,avatar_url,create_time,update_time  FROM account 
 
 WHERE (username = ?)
[2020-05-02 10:26:23] DEBUG 134 statementLog - {conn-10001, pstmt-20000} Parameters : [123]
[2020-05-02 10:26:23] DEBUG 134 statementLog - {conn-10001, pstmt-20000} Types : [VARCHAR]
[2020-05-02 10:26:23] DEBUG 134 statementLog - {conn-10001, pstmt-20000} executed. select id, username, password, gender, address
	, institute, mail, qq, wechat, avatar_url
	, create_time, update_time
from account
where username = '123'
[2020-05-02 10:26:23] DEBUG 134 statementLog - {conn-10001, pstmt-20000} executed. 296.8399 millis. SELECT  id,username,password,gender,address,institute,mail,qq,wechat,avatar_url,create_time,update_time  FROM account 
 
 WHERE (username = ?)
[2020-05-02 18:57:40] DEBUG 134 statementLog - {conn-10001, pstmt-20000} created. SELECT COUNT( 1 ) FROM account 
 
 WHERE (username = ?)
[2020-05-02 18:57:40] DEBUG 134 statementLog - {conn-10001, pstmt-20000} Parameters : [user1]
[2020-05-02 18:57:40] DEBUG 134 statementLog - {conn-10001, pstmt-20000} Types : [VARCHAR]
[2020-05-02 18:57:40] DEBUG 134 statementLog - {conn-10001, pstmt-20000} executed. select count(1)
from account
where username = 'user1'
[2020-05-02 18:57:40] DEBUG 134 statementLog - {conn-10001, pstmt-20000} executed. 301.7541 millis. SELECT COUNT( 1 ) FROM account 
 
 WHERE (username = ?)
[2020-05-02 18:57:40] DEBUG 134 statementLog - {conn-10001, pstmt-20001} created. INSERT INTO account  ( username,
password )  VALUES  ( ?,
? )
[2020-05-02 18:57:40] DEBUG 134 statementLog - {conn-10001, pstmt-20001} Parameters : [user1, 123]
[2020-05-02 18:57:40] DEBUG 134 statementLog - {conn-10001, pstmt-20001} Types : [VARCHAR, VARCHAR]
[2020-05-02 18:57:41] DEBUG 134 statementLog - {conn-10001, pstmt-20001} executed. insert into account (username, password)
values ('user1', '123')
[2020-05-02 18:57:41] DEBUG 134 statementLog - {conn-10001, pstmt-20001} executed. 225.7634 millis. INSERT INTO account  ( username,
password )  VALUES  ( ?,
? )
[2020-05-02 18:57:54] DEBUG 134 statementLog - {conn-10001, pstmt-20002} created. SELECT COUNT( 1 ) FROM account 
 
 WHERE (username = ?)
[2020-05-02 18:57:54] DEBUG 134 statementLog - {conn-10001, pstmt-20002} Parameters : [user1]
[2020-05-02 18:57:54] DEBUG 134 statementLog - {conn-10001, pstmt-20002} Types : [VARCHAR]
[2020-05-02 18:57:54] DEBUG 134 statementLog - {conn-10001, pstmt-20002} executed. select count(1)
from account
where username = 'user1'
[2020-05-02 18:57:54] DEBUG 134 statementLog - {conn-10001, pstmt-20002} executed. 3.2561 millis. SELECT COUNT( 1 ) FROM account 
 
 WHERE (username = ?)
[2020-05-02 18:58:47] DEBUG 134 statementLog - {conn-10001, pstmt-20003} created. SELECT  id,username,password,gender,address,institute,mail,qq,wechat,avatar_url,create_time,update_time  FROM account 
 
 WHERE (username = ?)
[2020-05-02 18:58:47] DEBUG 134 statementLog - {conn-10001, pstmt-20003} Parameters : [user1]
[2020-05-02 18:58:47] DEBUG 134 statementLog - {conn-10001, pstmt-20003} Types : [VARCHAR]
[2020-05-02 18:58:47] DEBUG 134 statementLog - {conn-10001, pstmt-20003} executed. select id, username, password, gender, address
	, institute, mail, qq, wechat, avatar_url
	, create_time, update_time
from account
where username = 'user1'
[2020-05-02 18:58:47] DEBUG 134 statementLog - {conn-10001, pstmt-20003} executed. 7.2502 millis. SELECT  id,username,password,gender,address,institute,mail,qq,wechat,avatar_url,create_time,update_time  FROM account 
 
 WHERE (username = ?)
[2020-05-02 19:02:59] DEBUG 134 statementLog - {conn-10001, pstmt-20000} created. SELECT  id,username,password,gender,address,institute,mail,qq,wechat,avatar_url,create_time,update_time  FROM account 
 
 WHERE (username = ?)
[2020-05-02 19:02:59] DEBUG 134 statementLog - {conn-10001, pstmt-20000} Parameters : [user1]
[2020-05-02 19:02:59] DEBUG 134 statementLog - {conn-10001, pstmt-20000} Types : [VARCHAR]
[2020-05-02 19:02:59] DEBUG 134 statementLog - {conn-10001, pstmt-20000} executed. select id, username, password, gender, address
	, institute, mail, qq, wechat, avatar_url
	, create_time, update_time
from account
where username = 'user1'
[2020-05-02 19:02:59] DEBUG 134 statementLog - {conn-10001, pstmt-20000} executed. 86.2187 millis. SELECT  id,username,password,gender,address,institute,mail,qq,wechat,avatar_url,create_time,update_time  FROM account 
 
 WHERE (username = ?)
[2020-05-02 19:03:06] DEBUG 134 statementLog - {conn-10001, pstmt-20001} created. UPDATE account  SET username=?,
password=?  WHERE id=?
[2020-05-02 19:03:06] DEBUG 134 statementLog - {conn-10001, pstmt-20001} Parameters : [user1, 456, 2019]
[2020-05-02 19:03:06] DEBUG 134 statementLog - {conn-10001, pstmt-20001} Types : [VARCHAR, VARCHAR, INTEGER]
[2020-05-02 19:03:06] DEBUG 134 statementLog - {conn-10001, pstmt-20001} executed. update account
set username = 'user1', password = '456'
where id = 2019
[2020-05-02 19:03:06] DEBUG 134 statementLog - {conn-10001, pstmt-20001} executed. 232.9808 millis. UPDATE account  SET username=?,
password=?  WHERE id=?
[2020-05-02 19:03:40] DEBUG 134 statementLog - {conn-10001, pstmt-20002} created. UPDATE account  SET username=?,
password=?  WHERE id=?
[2020-05-02 19:03:40] DEBUG 134 statementLog - {conn-10001, pstmt-20002} Parameters : [user1, 456, 2019]
[2020-05-02 19:03:40] DEBUG 134 statementLog - {conn-10001, pstmt-20002} Types : [VARCHAR, VARCHAR, INTEGER]
[2020-05-02 19:03:40] DEBUG 134 statementLog - {conn-10001, pstmt-20002} executed. update account
set username = 'user1', password = '456'
where id = 2019
[2020-05-02 19:03:40] DEBUG 134 statementLog - {conn-10001, pstmt-20002} executed. 3.3027 millis. UPDATE account  SET username=?,
password=?  WHERE id=?
[2020-05-02 19:04:57] DEBUG 134 statementLog - {conn-10001, pstmt-20003} created. UPDATE account  SET username=?,
password=?  WHERE id=?
[2020-05-02 19:04:57] DEBUG 134 statementLog - {conn-10001, pstmt-20003} Parameters : [user1, 456, 2019]
[2020-05-02 19:04:57] DEBUG 134 statementLog - {conn-10001, pstmt-20003} Types : [VARCHAR, VARCHAR, INTEGER]
[2020-05-02 19:04:57] DEBUG 134 statementLog - {conn-10001, pstmt-20003} executed. update account
set username = 'user1', password = '456'
where id = 2019
[2020-05-02 19:04:57] DEBUG 134 statementLog - {conn-10001, pstmt-20003} executed. 3.0296 millis. UPDATE account  SET username=?,
password=?  WHERE id=?
[2020-05-02 19:05:19] DEBUG 134 statementLog - {conn-10001, pstmt-20000} created. SELECT  id,username,password,gender,address,institute,mail,qq,wechat,avatar_url,create_time,update_time  FROM account 
 
 WHERE (username = ?)
[2020-05-02 19:05:19] DEBUG 134 statementLog - {conn-10001, pstmt-20000} Parameters : [user1]
[2020-05-02 19:05:19] DEBUG 134 statementLog - {conn-10001, pstmt-20000} Types : [VARCHAR]
[2020-05-02 19:05:19] DEBUG 134 statementLog - {conn-10001, pstmt-20000} executed. select id, username, password, gender, address
	, institute, mail, qq, wechat, avatar_url
	, create_time, update_time
from account
where username = 'user1'
[2020-05-02 19:05:19] DEBUG 134 statementLog - {conn-10001, pstmt-20000} executed. 87.9077 millis. SELECT  id,username,password,gender,address,institute,mail,qq,wechat,avatar_url,create_time,update_time  FROM account 
 
 WHERE (username = ?)
[2020-05-02 19:05:33] DEBUG 134 statementLog - {conn-10001, pstmt-20001} created. SELECT  id,username,password,gender,address,institute,mail,qq,wechat,avatar_url,create_time,update_time  FROM account 
 
 WHERE (username = ?)
[2020-05-02 19:05:33] DEBUG 134 statementLog - {conn-10001, pstmt-20001} Parameters : [user1]
[2020-05-02 19:05:33] DEBUG 134 statementLog - {conn-10001, pstmt-20001} Types : [VARCHAR]
[2020-05-02 19:05:33] DEBUG 134 statementLog - {conn-10001, pstmt-20001} executed. select id, username, password, gender, address
	, institute, mail, qq, wechat, avatar_url
	, create_time, update_time
from account
where username = 'user1'
[2020-05-02 19:05:33] DEBUG 134 statementLog - {conn-10001, pstmt-20001} executed. 8.1375 millis. SELECT  id,username,password,gender,address,institute,mail,qq,wechat,avatar_url,create_time,update_time  FROM account 
 
 WHERE (username = ?)
[2020-05-02 19:07:16] DEBUG 134 statementLog - {conn-10001, pstmt-20000} created. SELECT  id,username,password,gender,address,institute,mail,qq,wechat,avatar_url,create_time,update_time  FROM account 
 
 WHERE (username = ?)
[2020-05-02 19:07:17] DEBUG 134 statementLog - {conn-10001, pstmt-20000} Parameters : [user1]
[2020-05-02 19:07:17] DEBUG 134 statementLog - {conn-10001, pstmt-20000} Types : [VARCHAR]
[2020-05-02 19:07:17] DEBUG 134 statementLog - {conn-10001, pstmt-20000} executed. select id, username, password, gender, address
	, institute, mail, qq, wechat, avatar_url
	, create_time, update_time
from account
where username = 'user1'
[2020-05-02 19:07:17] DEBUG 134 statementLog - {conn-10001, pstmt-20000} executed. 77.9408 millis. SELECT  id,username,password,gender,address,institute,mail,qq,wechat,avatar_url,create_time,update_time  FROM account 
 
 WHERE (username = ?)
[2020-05-02 19:07:22] DEBUG 134 statementLog - {conn-10001, pstmt-20001} created. UPDATE account  SET password=?  WHERE id=?
[2020-05-02 19:07:22] DEBUG 134 statementLog - {conn-10001, pstmt-20001} Parameters : [456, 2019]
[2020-05-02 19:07:22] DEBUG 134 statementLog - {conn-10001, pstmt-20001} Types : [VARCHAR, INTEGER]
[2020-05-02 19:07:22] DEBUG 134 statementLog - {conn-10001, pstmt-20001} executed. update account
set password = '456'
where id = 2019
[2020-05-02 19:07:22] DEBUG 134 statementLog - {conn-10001, pstmt-20001} executed. 7.4666 millis. UPDATE account  SET password=?  WHERE id=?
[2020-05-02 19:32:50] DEBUG 134 statementLog - {conn-10001, pstmt-20000} created. SELECT  id,username,password,gender,address,institute,mail,qq,wechat,avatar_url,create_time,update_time  FROM account 
 
 WHERE (username = ?)
[2020-05-02 19:32:50] DEBUG 134 statementLog - {conn-10001, pstmt-20000} Parameters : [user1]
[2020-05-02 19:32:50] DEBUG 134 statementLog - {conn-10001, pstmt-20000} Types : [VARCHAR]
[2020-05-02 19:32:50] DEBUG 134 statementLog - {conn-10001, pstmt-20000} executed. select id, username, password, gender, address
	, institute, mail, qq, wechat, avatar_url
	, create_time, update_time
from account
where username = 'user1'
[2020-05-02 19:32:50] DEBUG 134 statementLog - {conn-10001, pstmt-20000} executed. 206.5783 millis. SELECT  id,username,password,gender,address,institute,mail,qq,wechat,avatar_url,create_time,update_time  FROM account 
 
 WHERE (username = ?)
[2020-05-02 19:33:28] DEBUG 134 statementLog - {conn-10001, pstmt-20001} created. SELECT COUNT(1) FROM comment WHERE (commodity_id = ?)
[2020-05-02 19:33:28] DEBUG 134 statementLog - {conn-10001, pstmt-20001} Parameters : [1]
[2020-05-02 19:33:28] DEBUG 134 statementLog - {conn-10001, pstmt-20001} Types : [INTEGER]
[2020-05-02 19:33:28] DEBUG 134 statementLog - {conn-10001, pstmt-20001} executed. select count(1)
from comment
where commodity_id = 1
[2020-05-02 19:33:28] DEBUG 134 statementLog - {conn-10001, pstmt-20001, rs-50001} query executed. 7.3808 millis. SELECT COUNT(1) FROM comment WHERE (commodity_id = ?)
[2020-05-02 19:33:28] DEBUG 134 statementLog - {conn-10001, pstmt-20002} created. select * from comment WHERE (commodity_id = ?) ORDER BY time DESC LIMIT ?,?
[2020-05-02 19:33:28] DEBUG 134 statementLog - {conn-10001, pstmt-20002} Parameters : [1, 0, 10]
[2020-05-02 19:33:28] DEBUG 134 statementLog - {conn-10001, pstmt-20002} Types : [INTEGER, BIGINT, BIGINT]
[2020-05-02 19:33:28] DEBUG 134 statementLog - {conn-10001, pstmt-20002} executed. select *
from comment
where commodity_id = 1
order by time desc
limit 0, 10
[2020-05-02 19:33:28] DEBUG 134 statementLog - {conn-10001, pstmt-20002} executed. 8.0467 millis. select * from comment WHERE (commodity_id = ?) ORDER BY time DESC LIMIT ?,?
[2020-05-02 19:33:28] DEBUG 134 statementLog - {conn-10001, pstmt-20003} created. SELECT id,username,password,gender,address,institute,mail,qq,wechat,avatar_url,create_time,update_time FROM account WHERE id=? 
[2020-05-02 19:33:28] DEBUG 134 statementLog - {conn-10001, pstmt-20003} Parameters : [1]
[2020-05-02 19:33:28] DEBUG 134 statementLog - {conn-10001, pstmt-20003} Types : [INTEGER]
[2020-05-02 19:33:28] DEBUG 134 statementLog - {conn-10001, pstmt-20003} executed. select id, username, password, gender, address
	, institute, mail, qq, wechat, avatar_url
	, create_time, update_time
from account
where id = 1
[2020-05-02 19:33:28] DEBUG 134 statementLog - {conn-10001, pstmt-20003} executed. 3.8702 millis. SELECT id,username,password,gender,address,institute,mail,qq,wechat,avatar_url,create_time,update_time FROM account WHERE id=? 
[2020-05-02 19:33:28] DEBUG 134 statementLog - {conn-10001, pstmt-20004} created. SELECT id,username,password,gender,address,institute,mail,qq,wechat,avatar_url,create_time,update_time FROM account WHERE id=? 
[2020-05-02 19:33:28] DEBUG 134 statementLog - {conn-10001, pstmt-20004} Parameters : [2]
[2020-05-02 19:33:28] DEBUG 134 statementLog - {conn-10001, pstmt-20004} Types : [INTEGER]
[2020-05-02 19:33:28] DEBUG 134 statementLog - {conn-10001, pstmt-20004} executed. select id, username, password, gender, address
	, institute, mail, qq, wechat, avatar_url
	, create_time, update_time
from account
where id = 2
[2020-05-02 19:33:28] DEBUG 134 statementLog - {conn-10001, pstmt-20004} executed. 2.2854 millis. SELECT id,username,password,gender,address,institute,mail,qq,wechat,avatar_url,create_time,update_time FROM account WHERE id=? 
[2020-05-02 20:12:55] DEBUG 134 statementLog - {conn-10001, pstmt-20000} created. SELECT COUNT(1) FROM comment WHERE (commodity_id = ?)
[2020-05-02 20:12:55] DEBUG 134 statementLog - {conn-10001, pstmt-20000} Parameters : [1]
[2020-05-02 20:12:55] DEBUG 134 statementLog - {conn-10001, pstmt-20000} Types : [INTEGER]
[2020-05-02 20:12:55] DEBUG 134 statementLog - {conn-10001, pstmt-20000} executed. select count(1)
from comment
where commodity_id = 1
[2020-05-02 20:12:55] DEBUG 134 statementLog - {conn-10001, pstmt-20000, rs-50000} query executed. 283.2049 millis. SELECT COUNT(1) FROM comment WHERE (commodity_id = ?)
[2020-05-02 20:12:55] DEBUG 134 statementLog - {conn-10001, pstmt-20001} created. select * from comment WHERE (commodity_id = ?) ORDER BY time DESC LIMIT ?,?
[2020-05-02 20:12:55] DEBUG 134 statementLog - {conn-10001, pstmt-20001} Parameters : [1, 0, 10]
[2020-05-02 20:12:55] DEBUG 134 statementLog - {conn-10001, pstmt-20001} Types : [INTEGER, BIGINT, BIGINT]
[2020-05-02 20:12:55] DEBUG 134 statementLog - {conn-10001, pstmt-20001} executed. select *
from comment
where commodity_id = 1
order by time desc
limit 0, 10
[2020-05-02 20:12:55] DEBUG 134 statementLog - {conn-10001, pstmt-20001} executed. 4.8288 millis. select * from comment WHERE (commodity_id = ?) ORDER BY time DESC LIMIT ?,?
[2020-05-02 20:12:55] DEBUG 134 statementLog - {conn-10001, pstmt-20002} created. select id,username,gender from account where id = ?
[2020-05-02 20:12:55] DEBUG 134 statementLog - {conn-10001, pstmt-20002} Parameters : [1]
[2020-05-02 20:12:55] DEBUG 134 statementLog - {conn-10001, pstmt-20002} Types : [INTEGER]
[2020-05-02 20:12:55] DEBUG 134 statementLog - {conn-10001, pstmt-20002} executed. select id, username, gender
from account
where id = 1
[2020-05-02 20:12:55] DEBUG 134 statementLog - {conn-10001, pstmt-20002} executed. 7.9902 millis. select id,username,gender from account where id = ?
[2020-05-02 20:12:55] DEBUG 134 statementLog - {conn-10001, pstmt-20003} created. select * from estimate where account_id=?
[2020-05-02 20:12:55] DEBUG 134 statementLog - {conn-10001, pstmt-20003} Parameters : [1]
[2020-05-02 20:12:55] DEBUG 134 statementLog - {conn-10001, pstmt-20003} Types : [INTEGER]
[2020-05-02 20:12:56] DEBUG 134 statementLog - {conn-10001, pstmt-20003} executed. select *
from estimate
where account_id = 1
[2020-05-02 20:12:56] DEBUG 134 statementLog - {conn-10001, pstmt-20003} executed. 172.761 millis. select * from estimate where account_id=?
[2020-05-02 20:12:56] DEBUG 134 statementLog - {conn-10001, pstmt-20004} created. select id,username,gender from account where id = ?
[2020-05-02 20:12:56] DEBUG 134 statementLog - {conn-10001, pstmt-20004} Parameters : [2]
[2020-05-02 20:12:56] DEBUG 134 statementLog - {conn-10001, pstmt-20004} Types : [INTEGER]
[2020-05-02 20:12:56] DEBUG 134 statementLog - {conn-10001, pstmt-20004} executed. select id, username, gender
from account
where id = 2
[2020-05-02 20:12:56] DEBUG 134 statementLog - {conn-10001, pstmt-20004} executed. 9.7626 millis. select id,username,gender from account where id = ?
[2020-05-02 20:12:56] DEBUG 134 statementLog - {conn-10001, pstmt-20005} created. select * from estimate where account_id=?
[2020-05-02 20:12:56] DEBUG 134 statementLog - {conn-10001, pstmt-20005} Parameters : [2]
[2020-05-02 20:12:56] DEBUG 134 statementLog - {conn-10001, pstmt-20005} Types : [INTEGER]
[2020-05-02 20:12:56] DEBUG 134 statementLog - {conn-10001, pstmt-20005} executed. select *
from estimate
where account_id = 2
[2020-05-02 20:12:56] DEBUG 134 statementLog - {conn-10001, pstmt-20005} executed. 10.7555 millis. select * from estimate where account_id=?
[2020-05-02 20:20:17] DEBUG 134 statementLog - {conn-10001, pstmt-20000} created. SELECT COUNT(1) FROM comment WHERE (commodity_id = ?)
[2020-05-02 20:20:17] DEBUG 134 statementLog - {conn-10001, pstmt-20000} Parameters : [1]
[2020-05-02 20:20:17] DEBUG 134 statementLog - {conn-10001, pstmt-20000} Types : [INTEGER]
[2020-05-02 20:20:17] DEBUG 134 statementLog - {conn-10001, pstmt-20000} executed. select count(1)
from comment
where commodity_id = 1
[2020-05-02 20:20:17] DEBUG 134 statementLog - {conn-10001, pstmt-20000, rs-50000} query executed. 90.167 millis. SELECT COUNT(1) FROM comment WHERE (commodity_id = ?)
[2020-05-02 20:20:17] DEBUG 134 statementLog - {conn-10001, pstmt-20001} created. select * from comment WHERE (commodity_id = ?) ORDER BY time DESC LIMIT ?,?
[2020-05-02 20:20:17] DEBUG 134 statementLog - {conn-10001, pstmt-20001} Parameters : [1, 0, 10]
[2020-05-02 20:20:17] DEBUG 134 statementLog - {conn-10001, pstmt-20001} Types : [INTEGER, BIGINT, BIGINT]
[2020-05-02 20:20:17] DEBUG 134 statementLog - {conn-10001, pstmt-20001} executed. select *
from comment
where commodity_id = 1
order by time desc
limit 0, 10
[2020-05-02 20:20:17] DEBUG 134 statementLog - {conn-10001, pstmt-20001} executed. 11.2983 millis. select * from comment WHERE (commodity_id = ?) ORDER BY time DESC LIMIT ?,?
[2020-05-02 20:20:17] DEBUG 134 statementLog - {conn-10001, pstmt-20002} created. select * from account where id = ?
[2020-05-02 20:20:17] DEBUG 134 statementLog - {conn-10001, pstmt-20002} Parameters : [1]
[2020-05-02 20:20:17] DEBUG 134 statementLog - {conn-10001, pstmt-20002} Types : [INTEGER]
[2020-05-02 20:20:17] DEBUG 134 statementLog - {conn-10001, pstmt-20002} executed. select *
from account
where id = 1
[2020-05-02 20:20:17] DEBUG 134 statementLog - {conn-10001, pstmt-20002} executed. 6.4739 millis. select * from account where id = ?
[2020-05-02 20:20:17] DEBUG 134 statementLog - {conn-10001, pstmt-20003} created. select * from estimate where account_id=?
[2020-05-02 20:20:17] DEBUG 134 statementLog - {conn-10001, pstmt-20003} Parameters : [1]
[2020-05-02 20:20:17] DEBUG 134 statementLog - {conn-10001, pstmt-20003} Types : [INTEGER]
[2020-05-02 20:20:17] DEBUG 134 statementLog - {conn-10001, pstmt-20003} executed. select *
from estimate
where account_id = 1
[2020-05-02 20:20:17] DEBUG 134 statementLog - {conn-10001, pstmt-20003} executed. 5.5874 millis. select * from estimate where account_id=?
[2020-05-02 20:22:59] DEBUG 134 statementLog - {conn-10001, pstmt-20000} created. SELECT COUNT(1) FROM comment WHERE (commodity_id = ?)
[2020-05-02 20:22:59] DEBUG 134 statementLog - {conn-10001, pstmt-20000} Parameters : [1]
[2020-05-02 20:22:59] DEBUG 134 statementLog - {conn-10001, pstmt-20000} Types : [INTEGER]
[2020-05-02 20:22:59] DEBUG 134 statementLog - {conn-10001, pstmt-20000} executed. select count(1)
from comment
where commodity_id = 1
[2020-05-02 20:22:59] DEBUG 134 statementLog - {conn-10001, pstmt-20000, rs-50000} query executed. 84.1307 millis. SELECT COUNT(1) FROM comment WHERE (commodity_id = ?)
[2020-05-02 20:22:59] DEBUG 134 statementLog - {conn-10001, pstmt-20001} created. select * from comment WHERE (commodity_id = ?) ORDER BY time DESC LIMIT ?,?
[2020-05-02 20:22:59] DEBUG 134 statementLog - {conn-10001, pstmt-20001} Parameters : [1, 0, 10]
[2020-05-02 20:22:59] DEBUG 134 statementLog - {conn-10001, pstmt-20001} Types : [INTEGER, BIGINT, BIGINT]
[2020-05-02 20:22:59] DEBUG 134 statementLog - {conn-10001, pstmt-20001} executed. select *
from comment
where commodity_id = 1
order by time desc
limit 0, 10
[2020-05-02 20:22:59] DEBUG 134 statementLog - {conn-10001, pstmt-20001} executed. 5.4196 millis. select * from comment WHERE (commodity_id = ?) ORDER BY time DESC LIMIT ?,?
[2020-05-02 20:22:59] DEBUG 134 statementLog - {conn-10001, pstmt-20002} created. select * from account where id = ?
[2020-05-02 20:22:59] DEBUG 134 statementLog - {conn-10001, pstmt-20002} Parameters : [1]
[2020-05-02 20:22:59] DEBUG 134 statementLog - {conn-10001, pstmt-20002} Types : [INTEGER]
[2020-05-02 20:22:59] DEBUG 134 statementLog - {conn-10001, pstmt-20002} executed. select *
from account
where id = 1
[2020-05-02 20:22:59] DEBUG 134 statementLog - {conn-10001, pstmt-20002} executed. 5.0492 millis. select * from account where id = ?
[2020-05-02 20:22:59] DEBUG 134 statementLog - {conn-10001, pstmt-20003} created. select * from estimate where account_id=?
[2020-05-02 20:22:59] DEBUG 134 statementLog - {conn-10001, pstmt-20003} Parameters : [1]
[2020-05-02 20:22:59] DEBUG 134 statementLog - {conn-10001, pstmt-20003} Types : [INTEGER]
[2020-05-02 20:22:59] DEBUG 134 statementLog - {conn-10001, pstmt-20003} executed. select *
from estimate
where account_id = 1
[2020-05-02 20:22:59] DEBUG 134 statementLog - {conn-10001, pstmt-20003} executed. 7.6164 millis. select * from estimate where account_id=?
[2020-05-02 20:24:44] DEBUG 134 statementLog - {conn-10001, pstmt-20000} created. SELECT COUNT(1) FROM comment WHERE (commodity_id = ?)
[2020-05-02 20:24:44] DEBUG 134 statementLog - {conn-10001, pstmt-20000} Parameters : [1]
[2020-05-02 20:24:44] DEBUG 134 statementLog - {conn-10001, pstmt-20000} Types : [INTEGER]
[2020-05-02 20:24:44] DEBUG 134 statementLog - {conn-10001, pstmt-20000} executed. select count(1)
from comment
where commodity_id = 1
[2020-05-02 20:24:44] DEBUG 134 statementLog - {conn-10001, pstmt-20000, rs-50000} query executed. 89.5907 millis. SELECT COUNT(1) FROM comment WHERE (commodity_id = ?)
[2020-05-02 20:24:45] DEBUG 134 statementLog - {conn-10001, pstmt-20001} created. select * from comment WHERE (commodity_id = ?) ORDER BY time DESC LIMIT ?,?
[2020-05-02 20:24:45] DEBUG 134 statementLog - {conn-10001, pstmt-20001} Parameters : [1, 0, 10]
[2020-05-02 20:24:45] DEBUG 134 statementLog - {conn-10001, pstmt-20001} Types : [INTEGER, BIGINT, BIGINT]
[2020-05-02 20:24:45] DEBUG 134 statementLog - {conn-10001, pstmt-20001} executed. select *
from comment
where commodity_id = 1
order by time desc
limit 0, 10
[2020-05-02 20:24:45] DEBUG 134 statementLog - {conn-10001, pstmt-20001} executed. 5.4444 millis. select * from comment WHERE (commodity_id = ?) ORDER BY time DESC LIMIT ?,?
[2020-05-02 20:24:45] DEBUG 134 statementLog - {conn-10001, pstmt-20002} created. select * from account where id = ?
[2020-05-02 20:24:45] DEBUG 134 statementLog - {conn-10001, pstmt-20002} Parameters : [1]
[2020-05-02 20:24:45] DEBUG 134 statementLog - {conn-10001, pstmt-20002} Types : [INTEGER]
[2020-05-02 20:24:45] DEBUG 134 statementLog - {conn-10001, pstmt-20002} executed. select *
from account
where id = 1
[2020-05-02 20:24:45] DEBUG 134 statementLog - {conn-10001, pstmt-20002} executed. 9.5218 millis. select * from account where id = ?
[2020-05-02 20:24:45] DEBUG 134 statementLog - {conn-10001, pstmt-20003} created. select * from estimate where account_id=?
[2020-05-02 20:24:45] DEBUG 134 statementLog - {conn-10001, pstmt-20003} Parameters : [1]
[2020-05-02 20:24:45] DEBUG 134 statementLog - {conn-10001, pstmt-20003} Types : [INTEGER]
[2020-05-02 20:24:45] DEBUG 134 statementLog - {conn-10001, pstmt-20003} executed. select *
from estimate
where account_id = 1
[2020-05-02 20:24:45] DEBUG 134 statementLog - {conn-10001, pstmt-20003} executed. 5.7964 millis. select * from estimate where account_id=?
[2020-05-02 20:24:45] DEBUG 134 statementLog - {conn-10001, pstmt-20004} created. select * from account where id = ?
[2020-05-02 20:24:45] DEBUG 134 statementLog - {conn-10001, pstmt-20004} Parameters : [2]
[2020-05-02 20:24:45] DEBUG 134 statementLog - {conn-10001, pstmt-20004} Types : [INTEGER]
[2020-05-02 20:24:45] DEBUG 134 statementLog - {conn-10001, pstmt-20004} executed. select *
from account
where id = 2
[2020-05-02 20:24:45] DEBUG 134 statementLog - {conn-10001, pstmt-20004} executed. 4.8145 millis. select * from account where id = ?
[2020-05-02 20:24:45] DEBUG 134 statementLog - {conn-10001, pstmt-20005} created. select * from estimate where account_id=?
[2020-05-02 20:24:45] DEBUG 134 statementLog - {conn-10001, pstmt-20005} Parameters : [2]
[2020-05-02 20:24:45] DEBUG 134 statementLog - {conn-10001, pstmt-20005} Types : [INTEGER]
[2020-05-02 20:24:45] DEBUG 134 statementLog - {conn-10001, pstmt-20005} executed. select *
from estimate
where account_id = 2
[2020-05-02 20:24:45] DEBUG 134 statementLog - {conn-10001, pstmt-20005} executed. 2.5058 millis. select * from estimate where account_id=?
[2020-05-02 21:44:20] DEBUG 134 statementLog - {conn-10001, pstmt-20000} created. SELECT COUNT(1) FROM commodity c, notice n WHERE (c.name LIKE concat('%', ?, '%') OR c.description LIKE concat('%', ?, '%')) AND c.notice_id = n.id AND n.end_time >= CURRENT_TIMESTAMP
[2020-05-02 21:44:20] DEBUG 134 statementLog - {conn-10001, pstmt-20000} Parameters : [1, 1]
[2020-05-02 21:44:20] DEBUG 134 statementLog - {conn-10001, pstmt-20000} Types : [VARCHAR, VARCHAR]
[2020-05-02 21:44:20] DEBUG 134 statementLog - {conn-10001, pstmt-20000} executed. select count(1)
from commodity c, notice n
where (c.name like concat('%', '1', '%')
		or c.description like concat('%', '1', '%'))
	and c.notice_id = n.id
	and n.end_time >= CURRENT_TIMESTAMP
[2020-05-02 21:44:20] DEBUG 134 statementLog - {conn-10001, pstmt-20000, rs-50000} query executed. 113.2579 millis. SELECT COUNT(1) FROM commodity c, notice n WHERE (c.name LIKE concat('%', ?, '%') OR c.description LIKE concat('%', ?, '%')) AND c.notice_id = n.id AND n.end_time >= CURRENT_TIMESTAMP
